<?xml version="1.0" encoding="UTF-8"?>
<!-- Generated by org.testng.reporters.JUnitReportReporter -->
<testsuite hostname="ATMECSINDT-080" failures="0" tests="7" name="com.atmecs.ninja.testscripts.AddCart" time="25.367" errors="0" timestamp="12 Nov 2019 07:28:21 GMT" skipped="0">
  <testcase classname="com.atmecs.ninja.testscripts.AddCart" name="setup" time="14.039"/>
  <testcase classname="com.atmecs.ninja.testscripts.AddCart" name="clickSearchButton" time="0.146"/>
  <testcase classname="com.atmecs.ninja.testscripts.AddCart" name="enterData" time="3.250"/>
  <testcase classname="com.atmecs.ninja.testscripts.AddCart" name="enterData" time="5.165"/>
  <testcase classname="com.atmecs.ninja.testscripts.AddCart" name="validateCartAfterAdd" time="0.997"/>
  <testcase classname="com.atmecs.ninja.testscripts.AddCart" name="validateAfterRemove" time="0.927"/>
  <testcase classname="com.atmecs.ninja.testscripts.AddCart" name="negativeTestCase" time="0.843"/>
</testsuite> <!-- com.atmecs.ninja.testscripts.AddCart -->
