<?xml version="1.0" encoding="UTF-8"?>
<!-- Generated by org.testng.reporters.JUnitReportReporter -->
<testsuite skipped="0" hostname="ATMECSINDT-080" name="com.atmecs.ninja.testbase.InvokeBrowser" tests="1" failures="0" timestamp="08 Nov 2019 06:51:07 GMT" time="10.759" errors="0">
  <testcase name="setup" time="10.759" classname="com.atmecs.ninja.testbase.InvokeBrowser"/>
</testsuite> <!-- com.atmecs.ninja.testbase.InvokeBrowser -->
